<?xml version="1.0" encoding="UTF-8" standalone="yes"?>
<testsuites name="HRM WA Test Suite" time="28" tests="1" failures="0" errors="0">
    <testsuite name="HRM WA Test Suite" tests="1" failures="0" errors="0" time="28" timestamp="2019-10-26 22:05:40" hostname="BaPpY - 192.168.0.108" id="Test Suites/EE_Suites/HRM WA Test Suite">
        <properties>
            <property name="deviceName" value=""/>
            <property name="devicePlatform" value=""/>
            <property name="logFolder" value="G:\\Katalon Studio\\Katalon Workspace\\Execution Profiles Testing Example\\Reports\\20191026_220538\\EE_Suites\\HRM WA Test Suite\\20191026_220538"/>
            <property name="logFiles" value="G:\\Katalon Studio\\Katalon Workspace\\Execution Profiles Testing Example\\Reports\\20191026_220538\\EE_Suites\\HRM WA Test Suite\\20191026_220538\\execution0.log"/>
            <property name="attachments" value=""/>
            <property name="hostName" value="BaPpY - 192.168.0.108"/>
            <property name="os" value="Windows 10 64bit"/>
            <property name="katalonVersion" value="6.3.3.11"/>
            <property name="browser" value="Chrome 77.0.3865.120"/>
            <property name="hostAddress" value="192.168.0.108"/>
            <property name="sessionId" value="18c8cdeac2a701a38d166818f4789df1"/>
            <property name="seleniumVersion" value="3.141.59"/>
            <property name="proxyInformation" value="ProxyInformation{proxyOption=NO_PROXY, proxyServerType=HTTP, password=, proxyServerAddress=, proxyServerPort=0}"/>
            <property name="platform" value="Windows 10"/>
        </properties>
        <testcase name="Test Cases/Environment Execution/User Login Test Case" classname="Test Cases/Environment Execution/User Login Test Case" status="PASSED">
            <system-out>2019-10-26 22:05:40 - [TEST_CASE][PASSED] - Test Cases/Environment Execution/User Login Test Case: Test Cases/Environment Execution/User Login Test Case&#xD;
&#xD;
2019-10-26 22:05:41 - [TEST_STEP][PASSED] - openBrowser(""): Browser is opened with url: ''&#xD;
&#xD;
2019-10-26 22:05:41 - [MESSAGE][INFO] - Starting 'Chrome' driver&#xD;
&#xD;
2019-10-26 22:05:41 - [MESSAGE][INFO] - Action delay is set to 0 seconds&#xD;
&#xD;
2019-10-26 22:05:45 - [MESSAGE][PASSED] - Browser is opened with url: ''&#xD;
&#xD;
2019-10-26 22:05:45 - [TEST_STEP][PASSED] - navigateToUrl(URL): Navigate to 'https://opensource-demo.orangehrmlive.com' successfully&#xD;
&#xD;
2019-10-26 22:05:54 - [MESSAGE][PASSED] - Navigate to 'https://opensource-demo.orangehrmlive.com' successfully&#xD;
&#xD;
2019-10-26 22:05:54 - [TEST_STEP][PASSED] - click(findTestObject("Object Repository/Orange_HRM/Page_OrangeHRM/span_Username")): Object: 'Object Repository/Orange_HRM/Page_OrangeHRM/span_Username' is clicked on&#xD;
&#xD;
2019-10-26 22:05:54 - [MESSAGE][PASSED] - Object: 'Object Repository/Orange_HRM/Page_OrangeHRM/span_Username' is clicked on&#xD;
&#xD;
2019-10-26 22:05:54 - [TEST_STEP][PASSED] - setText(findTestObject("Object Repository/Orange_HRM/Page_OrangeHRM/input_LOGIN Panel_txtUsername"), USER_NAME): Text 'Admin' is set on object 'Object Repository/Orange_HRM/Page_OrangeHRM/input_LOGIN Panel_txtUsername'&#xD;
&#xD;
2019-10-26 22:05:55 - [MESSAGE][PASSED] - Text 'Admin' is set on object 'Object Repository/Orange_HRM/Page_OrangeHRM/input_LOGIN Panel_txtUsername'&#xD;
&#xD;
2019-10-26 22:05:55 - [TEST_STEP][PASSED] - setText(findTestObject("Object Repository/Orange_HRM/Page_OrangeHRM/input_Username_txtPassword"), USER_PASSWORD): Text 'admin123' is set on object 'Object Repository/Orange_HRM/Page_OrangeHRM/input_Username_txtPassword'&#xD;
&#xD;
2019-10-26 22:05:55 - [MESSAGE][PASSED] - Text 'admin123' is set on object 'Object Repository/Orange_HRM/Page_OrangeHRM/input_Username_txtPassword'&#xD;
&#xD;
2019-10-26 22:05:55 - [TEST_STEP][PASSED] - click(findTestObject("Object Repository/Orange_HRM/Page_OrangeHRM/input_Password_Submit")): Object: 'Object Repository/Orange_HRM/Page_OrangeHRM/input_Password_Submit' is clicked on&#xD;
&#xD;
2019-10-26 22:06:03 - [MESSAGE][PASSED] - Object: 'Object Repository/Orange_HRM/Page_OrangeHRM/input_Password_Submit' is clicked on&#xD;
&#xD;
2019-10-26 22:06:03 - [TEST_STEP][PASSED] - click(findTestObject("Object Repository/Orange_HRM/Page_OrangeHRM/a_Welcome Admin")): Object: 'Object Repository/Orange_HRM/Page_OrangeHRM/a_Welcome Admin' is clicked on&#xD;
&#xD;
2019-10-26 22:06:04 - [MESSAGE][PASSED] - Object: 'Object Repository/Orange_HRM/Page_OrangeHRM/a_Welcome Admin' is clicked on&#xD;
&#xD;
2019-10-26 22:06:04 - [TEST_STEP][PASSED] - click(findTestObject("Object Repository/Orange_HRM/Page_OrangeHRM/a_Logout"), OPTIONAL): Object: 'Object Repository/Orange_HRM/Page_OrangeHRM/a_Logout' is clicked on&#xD;
&#xD;
2019-10-26 22:06:06 - [MESSAGE][PASSED] - Object: 'Object Repository/Orange_HRM/Page_OrangeHRM/a_Logout' is clicked on&#xD;
&#xD;
2019-10-26 22:06:06 - [TEST_STEP][PASSED] - closeBrowser(): Browser is closed&#xD;
&#xD;
2019-10-26 22:06:07 - [MESSAGE][PASSED] - Browser is closed</system-out>
            <system-err></system-err>
        </testcase>
        <system-out>2019-10-26 22:05:40 - [TEST_SUITE][INCOMPLETE] - HRM WA Test Suite: null</system-out>
        <system-err>2019-10-26 22:05:40 - [TEST_SUITE][INCOMPLETE] - HRM WA Test Suite: null</system-err>
    </testsuite>
</testsuites>
