<?xml version="1.0" encoding="UTF-8" standalone="yes"?>
<testsuites name="Example TL Test Suite" time="3" tests="1" failures="0" errors="0">
    <testsuite name="Example TL Test Suite" tests="1" failures="0" errors="0" time="3" timestamp="2019-10-29 22:08:55" hostname="BaPpY - 192.168.0.108" id="Test Suites/Test Listeners/Example TL Test Suite">
        <properties>
            <property name="deviceName" value=""/>
            <property name="devicePlatform" value=""/>
            <property name="logFolder" value="G:\\Katalon Studio\\Katalon Workspace\\Execution Profiles Testing Example\\Reports\\20191029_220852\\Test Listeners\\Example TL Test Suite\\20191029_220852"/>
            <property name="logFiles" value="G:\\Katalon Studio\\Katalon Workspace\\Execution Profiles Testing Example\\Reports\\20191029_220852\\Test Listeners\\Example TL Test Suite\\20191029_220852\\execution0.log"/>
            <property name="attachments" value=""/>
            <property name="hostName" value="BaPpY - 192.168.0.108"/>
            <property name="hostAddress" value="192.168.0.108"/>
            <property name="os" value="Windows 10 64bit"/>
            <property name="katalonVersion" value="6.3.3.11"/>
        </properties>
        <testcase name="Test Cases/Test Listenerrs/Example TL Test Case" classname="Test Cases/Test Listenerrs/Example TL Test Case" status="PASSED">
            <system-out>2019-10-29 22:08:56 - [TEST_CASE][PASSED] - Test Cases/Test Listenerrs/Example TL Test Case: Test Cases/Test Listenerrs/Example TL Test Case&#xD;
&#xD;
2019-10-29 22:08:56 - [TEST_STEP][PASSED] - Start listener action : sampleBeforeTestCase: null&#xD;
&#xD;
2019-10-29 22:08:56 - [TEST_STEP][PASSED] - println(testCaseContext.getTestCaseId()): null&#xD;
&#xD;
2019-10-29 22:08:56 - [TEST_STEP][PASSED] - println(testCaseContext.getTestCaseVariables()): null&#xD;
&#xD;
2019-10-29 22:08:56 - [TEST_STEP][PASSED] - Start listener action : onTestCaseStart: null&#xD;
&#xD;
2019-10-29 22:08:56 - [TEST_STEP][PASSED] - println("
 Within onTestCaseStart 
"): null&#xD;
&#xD;
2019-10-29 22:08:56 - [TEST_STEP][PASSED] - println("Test Listener Test Case"): null&#xD;
&#xD;
2019-10-29 22:08:56 - [TEST_STEP][PASSED] - Start listener action : onTestCaseFinish: null&#xD;
&#xD;
2019-10-29 22:08:56 - [TEST_STEP][PASSED] - println("
 Within onTestCaseFinish 
"): null&#xD;
&#xD;
2019-10-29 22:08:56 - [TEST_STEP][PASSED] - Start listener action : sampleAfterTestCase: null&#xD;
&#xD;
2019-10-29 22:08:56 - [TEST_STEP][PASSED] - println(testCaseContext.getTestCaseId()): null&#xD;
&#xD;
2019-10-29 22:08:56 - [TEST_STEP][PASSED] - println(testCaseContext.getTestCaseStatus()): null</system-out>
            <system-err></system-err>
        </testcase>
        <system-out>2019-10-29 22:08:55 - [TEST_SUITE][INCOMPLETE] - Example TL Test Suite: null</system-out>
        <system-err>2019-10-29 22:08:55 - [TEST_SUITE][INCOMPLETE] - Example TL Test Suite: null</system-err>
    </testsuite>
</testsuites>
