<?xml version="1.0" encoding="UTF-8" standalone="yes"?>
<testsuites name="Login Example Test Suite" time="25" tests="1" failures="0" errors="0">
    <testsuite name="Login Example Test Suite" tests="1" failures="0" errors="0" time="25" timestamp="2019-10-29 20:57:19" hostname="BaPpY - 192.168.0.108" id="Test Suites/Hadless Browser/Login Example Test Suite">
        <properties>
            <property name="deviceName" value=""/>
            <property name="devicePlatform" value=""/>
            <property name="logFolder" value="G:\\Katalon Studio\\Katalon Workspace\\Execution Profiles Testing Example\\Reports\\20191029_205717\\Hadless Browser\\Login Example Test Suite\\20191029_205717"/>
            <property name="logFiles" value="G:\\Katalon Studio\\Katalon Workspace\\Execution Profiles Testing Example\\Reports\\20191029_205717\\Hadless Browser\\Login Example Test Suite\\20191029_205717\\execution0.log"/>
            <property name="attachments" value=""/>
            <property name="hostName" value="BaPpY - 192.168.0.108"/>
            <property name="os" value="Windows 10 64bit"/>
            <property name="katalonVersion" value="6.3.3.11"/>
            <property name="browser" value="Chrome 77.0.3865.120"/>
            <property name="hostAddress" value="192.168.0.108"/>
            <property name="sessionId" value="c4160507aa234653d63103f9990262d1"/>
            <property name="seleniumVersion" value="3.141.59"/>
            <property name="proxyInformation" value="ProxyInformation{proxyOption=NO_PROXY, proxyServerType=HTTP, password=, proxyServerAddress=, proxyServerPort=0}"/>
            <property name="platform" value="Windows 10"/>
        </properties>
        <testcase name="Test Cases/Headless Browser/User Login Test Case" classname="Test Cases/Headless Browser/User Login Test Case" status="PASSED">
            <system-out>2019-10-29 20:57:19 - [TEST_CASE][PASSED] - Test Cases/Headless Browser/User Login Test Case: Test Cases/Headless Browser/User Login Test Case&#xD;
&#xD;
2019-10-29 20:57:20 - [TEST_STEP][PASSED] - openBrowser(""): Browser is opened with url: ''&#xD;
&#xD;
2019-10-29 20:57:21 - [MESSAGE][INFO] - Starting 'Chrome (headless)' driver&#xD;
&#xD;
2019-10-29 20:57:21 - [MESSAGE][INFO] - Action delay is set to 0 seconds&#xD;
&#xD;
2019-10-29 20:57:25 - [MESSAGE][PASSED] - Browser is opened with url: ''&#xD;
&#xD;
2019-10-29 20:57:25 - [TEST_STEP][PASSED] - navigateToUrl("https://opensource-demo.orangehrmlive.com/"): Navigate to 'https://opensource-demo.orangehrmlive.com/' successfully&#xD;
&#xD;
2019-10-29 20:57:30 - [MESSAGE][PASSED] - Navigate to 'https://opensource-demo.orangehrmlive.com/' successfully&#xD;
&#xD;
2019-10-29 20:57:30 - [TEST_STEP][PASSED] - click(findTestObject("Object Repository/Headless Browser/Page_OrangeHRM/span_Username")): Object: 'Object Repository/Headless Browser/Page_OrangeHRM/span_Username' is clicked on&#xD;
&#xD;
2019-10-29 20:57:30 - [MESSAGE][PASSED] - Object: 'Object Repository/Headless Browser/Page_OrangeHRM/span_Username' is clicked on&#xD;
&#xD;
2019-10-29 20:57:30 - [TEST_STEP][PASSED] - setText(findTestObject("Object Repository/Headless Browser/Page_OrangeHRM/input_LOGIN Panel_txtUsername"), "Admin"): Text 'Admin' is set on object 'Object Repository/Headless Browser/Page_OrangeHRM/input_LOGIN Panel_txtUsername'&#xD;
&#xD;
2019-10-29 20:57:30 - [MESSAGE][PASSED] - Text 'Admin' is set on object 'Object Repository/Headless Browser/Page_OrangeHRM/input_LOGIN Panel_txtUsername'&#xD;
&#xD;
2019-10-29 20:57:30 - [TEST_STEP][PASSED] - setEncryptedText(findTestObject("Object Repository/Headless Browser/Page_OrangeHRM/input_Username_txtPassword"), "hUKwJTbofgPU9eVlw/CnDQ=="): Text ****** has been set on object 'Object Repository/Headless Browser/Page_OrangeHRM/input_Username_txtPassword'&#xD;
&#xD;
2019-10-29 20:57:30 - [MESSAGE][PASSED] - Text ****** has been set on object 'Object Repository/Headless Browser/Page_OrangeHRM/input_Username_txtPassword'&#xD;
&#xD;
2019-10-29 20:57:30 - [TEST_STEP][PASSED] - click(findTestObject("Object Repository/Headless Browser/Page_OrangeHRM/input_Password_Submit")): Object: 'Object Repository/Headless Browser/Page_OrangeHRM/input_Password_Submit' is clicked on&#xD;
&#xD;
2019-10-29 20:57:34 - [MESSAGE][PASSED] - Object: 'Object Repository/Headless Browser/Page_OrangeHRM/input_Password_Submit' is clicked on&#xD;
&#xD;
2019-10-29 20:57:34 - [TEST_STEP][PASSED] - click(findTestObject("Object Repository/Headless Browser/Page_OrangeHRM/b_Admin")): Object: 'Object Repository/Headless Browser/Page_OrangeHRM/b_Admin' is clicked on&#xD;
&#xD;
2019-10-29 20:57:39 - [MESSAGE][PASSED] - Object: 'Object Repository/Headless Browser/Page_OrangeHRM/b_Admin' is clicked on&#xD;
&#xD;
2019-10-29 20:57:39 - [TEST_STEP][PASSED] - click(findTestObject("Object Repository/Headless Browser/Page_OrangeHRM/b_Recruitment")): Object: 'Object Repository/Headless Browser/Page_OrangeHRM/b_Recruitment' is clicked on&#xD;
&#xD;
2019-10-29 20:57:41 - [MESSAGE][PASSED] - Object: 'Object Repository/Headless Browser/Page_OrangeHRM/b_Recruitment' is clicked on&#xD;
&#xD;
2019-10-29 20:57:41 - [TEST_STEP][PASSED] - click(findTestObject("Object Repository/Headless Browser/Page_OrangeHRM/b_Dashboard")): Object: 'Object Repository/Headless Browser/Page_OrangeHRM/b_Dashboard' is clicked on&#xD;
&#xD;
2019-10-29 20:57:42 - [MESSAGE][PASSED] - Object: 'Object Repository/Headless Browser/Page_OrangeHRM/b_Dashboard' is clicked on&#xD;
&#xD;
2019-10-29 20:57:42 - [TEST_STEP][PASSED] - click(findTestObject("Object Repository/Headless Browser/Page_OrangeHRM/a_Welcome Admin")): Object: 'Object Repository/Headless Browser/Page_OrangeHRM/a_Welcome Admin' is clicked on&#xD;
&#xD;
2019-10-29 20:57:42 - [MESSAGE][PASSED] - Object: 'Object Repository/Headless Browser/Page_OrangeHRM/a_Welcome Admin' is clicked on&#xD;
&#xD;
2019-10-29 20:57:42 - [TEST_STEP][PASSED] - closeBrowser(): Browser is closed&#xD;
&#xD;
2019-10-29 20:57:43 - [MESSAGE][PASSED] - Browser is closed</system-out>
            <system-err></system-err>
        </testcase>
        <system-out>2019-10-29 20:57:19 - [TEST_SUITE][INCOMPLETE] - Login Example Test Suite: null</system-out>
        <system-err>2019-10-29 20:57:19 - [TEST_SUITE][INCOMPLETE] - Login Example Test Suite: null</system-err>
    </testsuite>
</testsuites>
